<?xml version="1.0" encoding="UTF-8"?>
<!-- Generated by org.testng.reporters.JUnitXMLReporter -->
<testsuite ignored="0" hostname="DESKTOP-1IAKUIC" failures="0" tests="4" name="Test" time="10.357" errors="0" timestamp="2025-04-18T18:37:45 IST">
  <testcase classname="api.test.UserTests2" name="testCreateUser" time="3.882"/>
  <testcase classname="api.test.UserTests2" name="testgetUser" time="1.279"/>
  <testcase classname="api.test.UserTests2" name="testUpdateUser" time="2.414"/>
  <testcase classname="api.test.UserTests2" name="testDeleteUser" time="2.101"/>
</testsuite> <!-- Test -->
