<?xml version="1.0" encoding="UTF-8"?>
<!-- Generated by org.testng.reporters.JUnitXMLReporter -->
<testsuite ignored="0" hostname="DESKTOP-1IAKUIC" failures="0" tests="4" name="Test" time="11.386" errors="0" timestamp="2025-04-19T08:35:04 IST">
  <testcase classname="api.test.UserTests2" name="testCreateUser" time="4.559"/>
  <testcase classname="api.test.UserTests2" name="testgetUser" time="1.58"/>
  <testcase classname="api.test.UserTests2" name="testUpdateUser" time="2.888"/>
  <testcase classname="api.test.UserTests2" name="testDeleteUser" time="1.505"/>
</testsuite> <!-- Test -->
