<?xml version="1.0" encoding="UTF-8"?>
<testng-results ignored="0" total="4" passed="4" failed="0" skipped="0">
  <reporter-output>
  </reporter-output>
  <suite started-at="2025-04-19T08:34:51 IST" name="Suite" finished-at="2025-04-19T08:35:03 IST" duration-ms="11386">
    <groups>
    </groups>
    <test started-at="2025-04-19T08:34:51 IST" name="Test" finished-at="2025-04-19T08:35:03 IST" duration-ms="11386">
      <class name="api.test.UserTests2">
        <test-method is-config="true" signature="setupData()[pri:0, instance:api.test.UserTests2@48e92c5c]" started-at="2025-04-19T08:34:52 IST" name="setupData" finished-at="2025-04-19T08:34:52 IST" duration-ms="372" status="PASS">
          <reporter-output>
          </reporter-output>
        </test-method> <!-- setupData -->
        <test-method signature="testCreateUser()[pri:1, instance:api.test.UserTests2@48e92c5c]" started-at="2025-04-19T08:34:52 IST" name="testCreateUser" finished-at="2025-04-19T08:34:57 IST" duration-ms="4559" status="PASS">
          <reporter-output>
          </reporter-output>
        </test-method> <!-- testCreateUser -->
        <test-method signature="testgetUser()[pri:2, instance:api.test.UserTests2@48e92c5c]" started-at="2025-04-19T08:34:57 IST" name="testgetUser" finished-at="2025-04-19T08:34:58 IST" duration-ms="1580" status="PASS">
          <reporter-output>
          </reporter-output>
        </test-method> <!-- testgetUser -->
        <test-method signature="testUpdateUser()[pri:3, instance:api.test.UserTests2@48e92c5c]" started-at="2025-04-19T08:34:58 IST" name="testUpdateUser" finished-at="2025-04-19T08:35:01 IST" duration-ms="2888" status="PASS">
          <reporter-output>
          </reporter-output>
        </test-method> <!-- testUpdateUser -->
        <test-method signature="testDeleteUser()[pri:4, instance:api.test.UserTests2@48e92c5c]" started-at="2025-04-19T08:35:01 IST" name="testDeleteUser" finished-at="2025-04-19T08:35:03 IST" duration-ms="1505" status="PASS">
          <reporter-output>
          </reporter-output>
        </test-method> <!-- testDeleteUser -->
      </class> <!-- api.test.UserTests2 -->
    </test> <!-- Test -->
  </suite> <!-- Suite -->
</testng-results>
