<?xml version="1.0" encoding="UTF-8"?>
<testsuite xmlns:xsi="http://www.w3.org/2001/XMLSchema-instance" xsi:noNamespaceSchemaLocation="https://maven.apache.org/surefire/maven-surefire-plugin/xsd/surefire-test-report.xsd" version="3.0.2" name="TestSuite" time="14.561" tests="4" errors="0" skipped="0" failures="0">
  <properties>
[...]
</properties>
  <testcase name="testCreateUser" classname="api.test.UserTests2" time="4.614">
    <system-out><![CDATA[HTTP/1.1 200 OK
Date: Sat, 19 Apr 2025 03:04:57 GMT
Content-Type: application/json
Transfer-Encoding: chunked
Connection: keep-alive
Access-Control-Allow-Origin: *
Access-Control-Allow-Methods: GET, POST, DELETE, PUT
Access-Control-Allow-Headers: Content-Type, api_key, Authorization
Server: Jetty(9.2.9.v20150224)

{
    "code": 200,
    "type": "unknown",
    "message": "732597634"
}
]]></system-out>
  </testcase>
  <testcase name="testgetUser" classname="api.test.UserTests2" time="1.576">
    <system-out><![CDATA[HTTP/1.1 200 OK
Date: Sat, 19 Apr 2025 03:04:59 GMT
Content-Type: application/json
Transfer-Encoding: chunked
Connection: keep-alive
Access-Control-Allow-Origin: *
Access-Control-Allow-Methods: GET, POST, DELETE, PUT
Access-Control-Allow-Headers: Content-Type, api_key, Authorization
Server: Jetty(9.2.9.v20150224)

{
    "id": 732597634,
    "username": "timmy.little",
    "firstName": "Gaston",
    "lastName": "Towne",
    "email": "mikel.lakin@example.com",
    "password": "i02lrsz7d",
    "phone": "755-276-6145",
    "userStatus": 0
}
]]></system-out>
  </testcase>
  <testcase name="testUpdateUser" classname="api.test.UserTests2" time="2.884">
    <system-out><![CDATA[HTTP/1.1 200 OK
Date: Sat, 19 Apr 2025 03:05:01 GMT
Content-Type: application/json
Transfer-Encoding: chunked
Connection: keep-alive
Access-Control-Allow-Origin: *
Access-Control-Allow-Methods: GET, POST, DELETE, PUT
Access-Control-Allow-Headers: Content-Type, api_key, Authorization
Server: Jetty(9.2.9.v20150224)

{
    "code": 200,
    "type": "unknown",
    "message": "732597634"
}
HTTP/1.1 200 OK
Date: Sat, 19 Apr 2025 03:05:02 GMT
Content-Type: application/json
Transfer-Encoding: chunked
Connection: keep-alive
Access-Control-Allow-Origin: *
Access-Control-Allow-Methods: GET, POST, DELETE, PUT
Access-Control-Allow-Headers: Content-Type, api_key, Authorization
Server: Jetty(9.2.9.v20150224)

{
    "id": 732597634,
    "username": "timmy.little",
    "firstName": "Shana",
    "lastName": "Nolan",
    "email": "gayle.altenwerth@example.com",
    "password": "i02lrsz7d",
    "phone": "755-276-6145",
    "userStatus": 0
}
]]></system-out>
  </testcase>
  <testcase name="testDeleteUser" classname="api.test.UserTests2" time="1.501">
    <system-out><![CDATA[HTTP/1.1 200 OK
Date: Sat, 19 Apr 2025 03:05:04 GMT
Content-Type: application/json
Transfer-Encoding: chunked
Connection: keep-alive
Access-Control-Allow-Origin: *
Access-Control-Allow-Methods: GET, POST, DELETE, PUT
Access-Control-Allow-Headers: Content-Type, api_key, Authorization
Server: Jetty(9.2.9.v20150224)

{
    "code": 200,
    "type": "unknown",
    "message": "timmy.little"
}
]]></system-out>
  </testcase>
</testsuite>