<?xml version="1.0" encoding="UTF-8"?>
<testng-results ignored="0" total="4" passed="4" failed="0" skipped="0">
  <reporter-output>
  </reporter-output>
  <suite started-at="2025-04-18T18:37:34 IST" name="Suite" finished-at="2025-04-18T18:37:44 IST" duration-ms="10357">
    <groups>
    </groups>
    <test started-at="2025-04-18T18:37:34 IST" name="Test" finished-at="2025-04-18T18:37:44 IST" duration-ms="10357">
      <class name="api.test.UserTests2">
        <test-method is-config="true" signature="setupData()[pri:0, instance:api.test.UserTests2@5d5f10b2]" started-at="2025-04-18T18:37:34 IST" name="setupData" finished-at="2025-04-18T18:37:34 IST" duration-ms="295" status="PASS">
          <reporter-output>
          </reporter-output>
        </test-method> <!-- setupData -->
        <test-method signature="testCreateUser()[pri:1, instance:api.test.UserTests2@5d5f10b2]" started-at="2025-04-18T18:37:34 IST" name="testCreateUser" finished-at="2025-04-18T18:37:38 IST" duration-ms="3882" status="PASS">
          <reporter-output>
          </reporter-output>
        </test-method> <!-- testCreateUser -->
        <test-method signature="testgetUser()[pri:2, instance:api.test.UserTests2@5d5f10b2]" started-at="2025-04-18T18:37:38 IST" name="testgetUser" finished-at="2025-04-18T18:37:39 IST" duration-ms="1279" status="PASS">
          <reporter-output>
          </reporter-output>
        </test-method> <!-- testgetUser -->
        <test-method signature="testUpdateUser()[pri:3, instance:api.test.UserTests2@5d5f10b2]" started-at="2025-04-18T18:37:39 IST" name="testUpdateUser" finished-at="2025-04-18T18:37:42 IST" duration-ms="2414" status="PASS">
          <reporter-output>
          </reporter-output>
        </test-method> <!-- testUpdateUser -->
        <test-method signature="testDeleteUser()[pri:4, instance:api.test.UserTests2@5d5f10b2]" started-at="2025-04-18T18:37:42 IST" name="testDeleteUser" finished-at="2025-04-18T18:37:44 IST" duration-ms="2101" status="PASS">
          <reporter-output>
          </reporter-output>
        </test-method> <!-- testDeleteUser -->
      </class> <!-- api.test.UserTests2 -->
    </test> <!-- Test -->
  </suite> <!-- Suite -->
</testng-results>
